<?xml version="1.0" encoding="UTF-8"?>
<!-- Generated by org.testng.reporters.JUnitReportReporter -->
<testsuite hostname="DESKTOP-CP37DLD" failures="0" tests="1" name="tests.DemoBlazeTask" time="31.586" errors="0" timestamp="2023-11-20T02:19:37 AST" skipped="0">
  <testcase classname="tests.DemoBlazeTask" name="deleteRandomProduct" time="31.586"/>
  <system-out/>
</testsuite> <!-- tests.DemoBlazeTask -->
