<?xml version="1.0" encoding="UTF-8"?>
<!-- Generated by org.testng.reporters.JUnitReportReporter -->
<testsuite hostname="DESKTOP-CP37DLD" failures="0" tests="1" name="tests.NewTest" time="8.843" errors="0" timestamp="2023-11-19T19:14:37 AST" skipped="0">
  <testcase classname="tests.NewTest" name="f" time="8.843"/>
  <system-out/>
</testsuite> <!-- tests.NewTest -->
