<?xml version="1.0" encoding="UTF-8"?>
<!-- Generated by org.testng.reporters.JUnitReportReporter -->
<testsuite hostname="DESKTOP-LDBB7HE" failures="0" tests="1" name="tests.DemoBlazeTask" time="40.064" errors="0" timestamp="2023-12-11T15:40:55 EET" skipped="0">
  <testcase classname="tests.DemoBlazeTask" name="placeorder" time="40.064"/>
  <system-out/>
</testsuite> <!-- tests.DemoBlazeTask -->
