<?xml version="1.0" encoding="UTF-8"?>
<!-- Generated by org.testng.reporters.JUnitReportReporter -->
<testsuite hostname="DESKTOP-LDBB7HE" failures="0" tests="1" name="tests.DemoBlazeTask" time="11.058" errors="0" timestamp="2023-12-11T14:07:41 EET" skipped="0">
  <testcase classname="tests.DemoBlazeTask" name="deleteRandomProduct" time="11.058"/>
  <system-out/>
</testsuite> <!-- tests.DemoBlazeTask -->
